Analysis & Synthesis report for Lab03_21522233
Fri Apr 21 10:57:21 2023
Quartus II 64-Bit Version 13.0.1 Build 232 06/12/2013 Service Pack 1 SJ Web Edition


---------------------
; Table of Contents ;
---------------------
  1. Legal Notice
  2. Analysis & Synthesis Summary
  3. Analysis & Synthesis Settings
  4. Parallel Compilation
  5. Analysis & Synthesis Source Files Read
  6. Analysis & Synthesis Resource Usage Summary
  7. Analysis & Synthesis Resource Utilization by Entity
  8. General Register Statistics
  9. Multiplexer Restructuring Statistics (Restructuring Performed)
 10. Elapsed Time Per Partition
 11. Analysis & Synthesis Messages



----------------
; Legal Notice ;
----------------
Copyright (C) 1991-2013 Altera Corporation
Your use of Altera Corporation's design tools, logic functions 
and other software and tools, and its AMPP partner logic 
functions, and any output files from any of the foregoing 
(including device programming or simulation files), and any 
associated documentation or information are expressly subject 
to the terms and conditions of the Altera Program License 
Subscription Agreement, Altera MegaCore Function License 
Agreement, or other applicable license agreement, including, 
without limitation, that your use is for the sole purpose of 
programming logic devices manufactured by Altera and sold by 
Altera or its authorized distributors.  Please refer to the 
applicable agreement for further details.



+--------------------------------------------------------------------------------------+
; Analysis & Synthesis Summary                                                         ;
+------------------------------------+-------------------------------------------------+
; Analysis & Synthesis Status        ; Successful - Fri Apr 21 10:57:21 2023           ;
; Quartus II 64-Bit Version          ; 13.0.1 Build 232 06/12/2013 SP 1 SJ Web Edition ;
; Revision Name                      ; Lab03_21522233                                  ;
; Top-level Entity Name              ; Lab03_21522233                                  ;
; Family                             ; Cyclone II                                      ;
; Total logic elements               ; 152                                             ;
;     Total combinational functions  ; 152                                             ;
;     Dedicated logic registers      ; 0                                               ;
; Total registers                    ; 0                                               ;
; Total pins                         ; 52                                              ;
; Total virtual pins                 ; 0                                               ;
; Total memory bits                  ; 0                                               ;
; Embedded Multiplier 9-bit elements ; 0                                               ;
; Total PLLs                         ; 0                                               ;
+------------------------------------+-------------------------------------------------+


+----------------------------------------------------------------------------------------------------------------------+
; Analysis & Synthesis Settings                                                                                        ;
+----------------------------------------------------------------------------+--------------------+--------------------+
; Option                                                                     ; Setting            ; Default Value      ;
+----------------------------------------------------------------------------+--------------------+--------------------+
; Device                                                                     ; EP2C35F672C6       ;                    ;
; Top-level entity name                                                      ; Lab03_21522233     ; Lab03_21522233     ;
; Family name                                                                ; Cyclone II         ; Cyclone IV GX      ;
; Use smart compilation                                                      ; Off                ; Off                ;
; Enable parallel Assembler and TimeQuest Timing Analyzer during compilation ; On                 ; On                 ;
; Enable compact report table                                                ; Off                ; Off                ;
; Restructure Multiplexers                                                   ; Auto               ; Auto               ;
; Create Debugging Nodes for IP Cores                                        ; Off                ; Off                ;
; Preserve fewer node names                                                  ; On                 ; On                 ;
; Disable OpenCore Plus hardware evaluation                                  ; Off                ; Off                ;
; Verilog Version                                                            ; Verilog_2001       ; Verilog_2001       ;
; VHDL Version                                                               ; VHDL_1993          ; VHDL_1993          ;
; State Machine Processing                                                   ; Auto               ; Auto               ;
; Safe State Machine                                                         ; Off                ; Off                ;
; Extract Verilog State Machines                                             ; On                 ; On                 ;
; Extract VHDL State Machines                                                ; On                 ; On                 ;
; Ignore Verilog initial constructs                                          ; Off                ; Off                ;
; Iteration limit for constant Verilog loops                                 ; 5000               ; 5000               ;
; Iteration limit for non-constant Verilog loops                             ; 250                ; 250                ;
; Add Pass-Through Logic to Inferred RAMs                                    ; On                 ; On                 ;
; Infer RAMs from Raw Logic                                                  ; On                 ; On                 ;
; Parallel Synthesis                                                         ; On                 ; On                 ;
; DSP Block Balancing                                                        ; Auto               ; Auto               ;
; NOT Gate Push-Back                                                         ; On                 ; On                 ;
; Power-Up Don't Care                                                        ; On                 ; On                 ;
; Remove Redundant Logic Cells                                               ; Off                ; Off                ;
; Remove Duplicate Registers                                                 ; On                 ; On                 ;
; Ignore CARRY Buffers                                                       ; Off                ; Off                ;
; Ignore CASCADE Buffers                                                     ; Off                ; Off                ;
; Ignore GLOBAL Buffers                                                      ; Off                ; Off                ;
; Ignore ROW GLOBAL Buffers                                                  ; Off                ; Off                ;
; Ignore LCELL Buffers                                                       ; Off                ; Off                ;
; Ignore SOFT Buffers                                                        ; On                 ; On                 ;
; Limit AHDL Integers to 32 Bits                                             ; Off                ; Off                ;
; Optimization Technique                                                     ; Balanced           ; Balanced           ;
; Carry Chain Length                                                         ; 70                 ; 70                 ;
; Auto Carry Chains                                                          ; On                 ; On                 ;
; Auto Open-Drain Pins                                                       ; On                 ; On                 ;
; Perform WYSIWYG Primitive Resynthesis                                      ; Off                ; Off                ;
; Auto ROM Replacement                                                       ; On                 ; On                 ;
; Auto RAM Replacement                                                       ; On                 ; On                 ;
; Auto Shift Register Replacement                                            ; Auto               ; Auto               ;
; Allow Shift Register Merging across Hierarchies                            ; Auto               ; Auto               ;
; Auto Clock Enable Replacement                                              ; On                 ; On                 ;
; Strict RAM Replacement                                                     ; Off                ; Off                ;
; Allow Synchronous Control Signals                                          ; On                 ; On                 ;
; Force Use of Synchronous Clear Signals                                     ; Off                ; Off                ;
; Auto RAM to Logic Cell Conversion                                          ; Off                ; Off                ;
; Auto Resource Sharing                                                      ; Off                ; Off                ;
; Allow Any RAM Size For Recognition                                         ; Off                ; Off                ;
; Allow Any ROM Size For Recognition                                         ; Off                ; Off                ;
; Allow Any Shift Register Size For Recognition                              ; Off                ; Off                ;
; Use LogicLock Constraints during Resource Balancing                        ; On                 ; On                 ;
; Ignore translate_off and synthesis_off directives                          ; Off                ; Off                ;
; Timing-Driven Synthesis                                                    ; Off                ; Off                ;
; Report Parameter Settings                                                  ; On                 ; On                 ;
; Report Source Assignments                                                  ; On                 ; On                 ;
; Report Connectivity Checks                                                 ; On                 ; On                 ;
; Ignore Maximum Fan-Out Assignments                                         ; Off                ; Off                ;
; Synchronization Register Chain Length                                      ; 2                  ; 2                  ;
; PowerPlay Power Optimization                                               ; Normal compilation ; Normal compilation ;
; HDL message level                                                          ; Level2             ; Level2             ;
; Suppress Register Optimization Related Messages                            ; Off                ; Off                ;
; Number of Removed Registers Reported in Synthesis Report                   ; 5000               ; 5000               ;
; Number of Swept Nodes Reported in Synthesis Report                         ; 5000               ; 5000               ;
; Number of Inverted Registers Reported in Synthesis Report                  ; 100                ; 100                ;
; Clock MUX Protection                                                       ; On                 ; On                 ;
; Auto Gated Clock Conversion                                                ; Off                ; Off                ;
; Block Design Naming                                                        ; Auto               ; Auto               ;
; SDC constraint protection                                                  ; Off                ; Off                ;
; Synthesis Effort                                                           ; Auto               ; Auto               ;
; Shift Register Replacement - Allow Asynchronous Clear Signal               ; On                 ; On                 ;
; Pre-Mapping Resynthesis Optimization                                       ; Off                ; Off                ;
; Analysis & Synthesis Message Level                                         ; Medium             ; Medium             ;
; Disable Register Merging Across Hierarchies                                ; Auto               ; Auto               ;
; Resource Aware Inference For Block RAM                                     ; On                 ; On                 ;
; Synthesis Seed                                                             ; 1                  ; 1                  ;
+----------------------------------------------------------------------------+--------------------+--------------------+


Parallel compilation was disabled, but you have multiple processors available. Enable parallel compilation to reduce compilation time.
+-------------------------------------+
; Parallel Compilation                ;
+----------------------------+--------+
; Processors                 ; Number ;
+----------------------------+--------+
; Number detected on machine ; 8      ;
; Maximum allowed            ; 1      ;
+----------------------------+--------+


+--------------------------------------------------------------------------------------------------------------------------------------------+
; Analysis & Synthesis Source Files Read                                                                                                     ;
+----------------------------------+-----------------+------------------------------------------+----------------------------------+---------+
; File Name with User-Entered Path ; Used in Netlist ; File Type                                ; File Name with Absolute Path     ; Library ;
+----------------------------------+-----------------+------------------------------------------+----------------------------------+---------+
; MX.bdf                           ; yes             ; User Block Diagram/Schematic File        ; D:/TKLLS/LAB3/MX.bdf             ;         ;
; Lab03_21522233.bdf               ; yes             ; User Block Diagram/Schematic File        ; D:/TKLLS/LAB3/Lab03_21522233.bdf ;         ;
; acong.bdf                        ; yes             ; Auto-Found Block Diagram/Schematic File  ; D:/TKLLS/LAB3/acong.bdf          ;         ;
; a.bdf                            ; yes             ; Auto-Found Block Diagram/Schematic File  ; D:/TKLLS/LAB3/a.bdf              ;         ;
; acongb.bdf                       ; yes             ; Auto-Found Block Diagram/Schematic File  ; D:/TKLLS/LAB3/acongb.bdf         ;         ;
; atru.bdf                         ; yes             ; Auto-Found Block Diagram/Schematic File  ; D:/TKLLS/LAB3/atru.bdf           ;         ;
; atrub.bdf                        ; yes             ; Auto-Found Block Diagram/Schematic File  ; D:/TKLLS/LAB3/atrub.bdf          ;         ;
; mux16bit.bdf                     ; yes             ; Auto-Found Block Diagram/Schematic File  ; D:/TKLLS/LAB3/mux16bit.bdf       ;         ;
; xorr.bdf                         ; yes             ; Auto-Found Block Diagram/Schematic File  ; D:/TKLLS/LAB3/xorr.bdf           ;         ;
; orr.bdf                          ; yes             ; Auto-Found Block Diagram/Schematic File  ; D:/TKLLS/LAB3/orr.bdf            ;         ;
; nandd.bdf                        ; yes             ; Auto-Found Block Diagram/Schematic File  ; D:/TKLLS/LAB3/nandd.bdf          ;         ;
; andd.bdf                         ; yes             ; Auto-Found Block Diagram/Schematic File  ; D:/TKLLS/LAB3/andd.bdf           ;         ;
+----------------------------------+-----------------+------------------------------------------+----------------------------------+---------+


+-----------------------------------------------------+
; Analysis & Synthesis Resource Usage Summary         ;
+---------------------------------------------+-------+
; Resource                                    ; Usage ;
+---------------------------------------------+-------+
; Estimated Total logic elements              ; 152   ;
;                                             ;       ;
; Total combinational functions               ; 152   ;
; Logic element usage by number of LUT inputs ;       ;
;     -- 4 input functions                    ; 86    ;
;     -- 3 input functions                    ; 54    ;
;     -- <=2 input functions                  ; 12    ;
;                                             ;       ;
; Logic elements by mode                      ;       ;
;     -- normal mode                          ; 136   ;
;     -- arithmetic mode                      ; 16    ;
;                                             ;       ;
; Total registers                             ; 0     ;
;     -- Dedicated logic registers            ; 0     ;
;     -- I/O registers                        ; 0     ;
;                                             ;       ;
; I/O pins                                    ; 52    ;
; Embedded Multiplier 9-bit elements          ; 0     ;
; Maximum fan-out node                        ; S[1]  ;
; Maximum fan-out                             ; 47    ;
; Total fan-out                               ; 545   ;
; Average fan-out                             ; 2.67  ;
+---------------------------------------------+-------+


+---------------------------------------------------------------------------------------------------------------------------------------------------------------------------------------------------+
; Analysis & Synthesis Resource Utilization by Entity                                                                                                                                               ;
+----------------------------+-------------------+--------------+-------------+--------------+---------+-----------+------+--------------+-------------------------------------------+--------------+
; Compilation Hierarchy Node ; LC Combinationals ; LC Registers ; Memory Bits ; DSP Elements ; DSP 9x9 ; DSP 18x18 ; Pins ; Virtual Pins ; Full Hierarchy Name                       ; Library Name ;
+----------------------------+-------------------+--------------+-------------+--------------+---------+-----------+------+--------------+-------------------------------------------+--------------+
; |Lab03_21522233            ; 152 (0)           ; 0 (0)        ; 0           ; 0            ; 0       ; 0         ; 52   ; 0            ; |Lab03_21522233                           ; work         ;
;    |Acong:inst|            ; 12 (0)            ; 0 (0)        ; 0           ; 0            ; 0       ; 0         ; 0    ; 0            ; |Lab03_21522233|Acong:inst                ; work         ;
;       |A:inst11|           ; 2 (2)             ; 0 (0)        ; 0           ; 0            ; 0       ; 0         ; 0    ; 0            ; |Lab03_21522233|Acong:inst|A:inst11       ; work         ;
;       |A:inst13|           ; 1 (1)             ; 0 (0)        ; 0           ; 0            ; 0       ; 0         ; 0    ; 0            ; |Lab03_21522233|Acong:inst|A:inst13       ; work         ;
;       |A:inst14|           ; 2 (2)             ; 0 (0)        ; 0           ; 0            ; 0       ; 0         ; 0    ; 0            ; |Lab03_21522233|Acong:inst|A:inst14       ; work         ;
;       |A:inst17|           ; 2 (2)             ; 0 (0)        ; 0           ; 0            ; 0       ; 0         ; 0    ; 0            ; |Lab03_21522233|Acong:inst|A:inst17       ; work         ;
;       |A:inst4|            ; 2 (2)             ; 0 (0)        ; 0           ; 0            ; 0       ; 0         ; 0    ; 0            ; |Lab03_21522233|Acong:inst|A:inst4        ; work         ;
;       |A:inst6|            ; 1 (1)             ; 0 (0)        ; 0           ; 0            ; 0       ; 0         ; 0    ; 0            ; |Lab03_21522233|Acong:inst|A:inst6        ; work         ;
;       |A:inst7|            ; 2 (2)             ; 0 (0)        ; 0           ; 0            ; 0       ; 0         ; 0    ; 0            ; |Lab03_21522233|Acong:inst|A:inst7        ; work         ;
;    |AcongB:inst6|          ; 18 (0)            ; 0 (0)        ; 0           ; 0            ; 0       ; 0         ; 0    ; 0            ; |Lab03_21522233|AcongB:inst6              ; work         ;
;       |A:inst1|            ; 1 (1)             ; 0 (0)        ; 0           ; 0            ; 0       ; 0         ; 0    ; 0            ; |Lab03_21522233|AcongB:inst6|A:inst1      ; work         ;
;       |A:inst2|            ; 17 (17)           ; 0 (0)        ; 0           ; 0            ; 0       ; 0         ; 0    ; 0            ; |Lab03_21522233|AcongB:inst6|A:inst2      ; work         ;
;    |Atru:inst9|            ; 12 (0)            ; 0 (0)        ; 0           ; 0            ; 0       ; 0         ; 0    ; 0            ; |Lab03_21522233|Atru:inst9                ; work         ;
;       |A:inst11|           ; 2 (2)             ; 0 (0)        ; 0           ; 0            ; 0       ; 0         ; 0    ; 0            ; |Lab03_21522233|Atru:inst9|A:inst11       ; work         ;
;       |A:inst13|           ; 1 (1)             ; 0 (0)        ; 0           ; 0            ; 0       ; 0         ; 0    ; 0            ; |Lab03_21522233|Atru:inst9|A:inst13       ; work         ;
;       |A:inst14|           ; 1 (1)             ; 0 (0)        ; 0           ; 0            ; 0       ; 0         ; 0    ; 0            ; |Lab03_21522233|Atru:inst9|A:inst14       ; work         ;
;       |A:inst15|           ; 1 (1)             ; 0 (0)        ; 0           ; 0            ; 0       ; 0         ; 0    ; 0            ; |Lab03_21522233|Atru:inst9|A:inst15       ; work         ;
;       |A:inst19|           ; 1 (1)             ; 0 (0)        ; 0           ; 0            ; 0       ; 0         ; 0    ; 0            ; |Lab03_21522233|Atru:inst9|A:inst19       ; work         ;
;       |A:inst33|           ; 2 (2)             ; 0 (0)        ; 0           ; 0            ; 0       ; 0         ; 0    ; 0            ; |Lab03_21522233|Atru:inst9|A:inst33       ; work         ;
;       |A:inst4|            ; 2 (2)             ; 0 (0)        ; 0           ; 0            ; 0       ; 0         ; 0    ; 0            ; |Lab03_21522233|Atru:inst9|A:inst4        ; work         ;
;       |A:inst6|            ; 1 (1)             ; 0 (0)        ; 0           ; 0            ; 0       ; 0         ; 0    ; 0            ; |Lab03_21522233|Atru:inst9|A:inst6        ; work         ;
;       |A:inst7|            ; 1 (1)             ; 0 (0)        ; 0           ; 0            ; 0       ; 0         ; 0    ; 0            ; |Lab03_21522233|Atru:inst9|A:inst7        ; work         ;
;    |AtruB:inst7|           ; 35 (0)            ; 0 (0)        ; 0           ; 0            ; 0       ; 0         ; 0    ; 0            ; |Lab03_21522233|AtruB:inst7               ; work         ;
;       |A:inst11|           ; 5 (5)             ; 0 (0)        ; 0           ; 0            ; 0       ; 0         ; 0    ; 0            ; |Lab03_21522233|AtruB:inst7|A:inst11      ; work         ;
;       |A:inst12|           ; 1 (1)             ; 0 (0)        ; 0           ; 0            ; 0       ; 0         ; 0    ; 0            ; |Lab03_21522233|AtruB:inst7|A:inst12      ; work         ;
;       |A:inst13|           ; 1 (1)             ; 0 (0)        ; 0           ; 0            ; 0       ; 0         ; 0    ; 0            ; |Lab03_21522233|AtruB:inst7|A:inst13      ; work         ;
;       |A:inst14|           ; 5 (5)             ; 0 (0)        ; 0           ; 0            ; 0       ; 0         ; 0    ; 0            ; |Lab03_21522233|AtruB:inst7|A:inst14      ; work         ;
;       |A:inst15|           ; 1 (1)             ; 0 (0)        ; 0           ; 0            ; 0       ; 0         ; 0    ; 0            ; |Lab03_21522233|AtruB:inst7|A:inst15      ; work         ;
;       |A:inst16|           ; 2 (2)             ; 0 (0)        ; 0           ; 0            ; 0       ; 0         ; 0    ; 0            ; |Lab03_21522233|AtruB:inst7|A:inst16      ; work         ;
;       |A:inst18|           ; 1 (1)             ; 0 (0)        ; 0           ; 0            ; 0       ; 0         ; 0    ; 0            ; |Lab03_21522233|AtruB:inst7|A:inst18      ; work         ;
;       |A:inst19|           ; 1 (1)             ; 0 (0)        ; 0           ; 0            ; 0       ; 0         ; 0    ; 0            ; |Lab03_21522233|AtruB:inst7|A:inst19      ; work         ;
;       |A:inst2|            ; 2 (2)             ; 0 (0)        ; 0           ; 0            ; 0       ; 0         ; 0    ; 0            ; |Lab03_21522233|AtruB:inst7|A:inst2       ; work         ;
;       |A:inst33|           ; 3 (3)             ; 0 (0)        ; 0           ; 0            ; 0       ; 0         ; 0    ; 0            ; |Lab03_21522233|AtruB:inst7|A:inst33      ; work         ;
;       |A:inst3|            ; 2 (2)             ; 0 (0)        ; 0           ; 0            ; 0       ; 0         ; 0    ; 0            ; |Lab03_21522233|AtruB:inst7|A:inst3       ; work         ;
;       |A:inst4|            ; 2 (2)             ; 0 (0)        ; 0           ; 0            ; 0       ; 0         ; 0    ; 0            ; |Lab03_21522233|AtruB:inst7|A:inst4       ; work         ;
;       |A:inst5|            ; 2 (2)             ; 0 (0)        ; 0           ; 0            ; 0       ; 0         ; 0    ; 0            ; |Lab03_21522233|AtruB:inst7|A:inst5       ; work         ;
;       |A:inst6|            ; 1 (1)             ; 0 (0)        ; 0           ; 0            ; 0       ; 0         ; 0    ; 0            ; |Lab03_21522233|AtruB:inst7|A:inst6       ; work         ;
;       |A:inst7|            ; 6 (6)             ; 0 (0)        ; 0           ; 0            ; 0       ; 0         ; 0    ; 0            ; |Lab03_21522233|AtruB:inst7|A:inst7       ; work         ;
;    |MUX16bit:inst22|       ; 73 (0)            ; 0 (0)        ; 0           ; 0            ; 0       ; 0         ; 0    ; 0            ; |Lab03_21522233|MUX16bit:inst22           ; work         ;
;       |mx:inst10|          ; 6 (6)             ; 0 (0)        ; 0           ; 0            ; 0       ; 0         ; 0    ; 0            ; |Lab03_21522233|MUX16bit:inst22|mx:inst10 ; work         ;
;       |mx:inst11|          ; 4 (4)             ; 0 (0)        ; 0           ; 0            ; 0       ; 0         ; 0    ; 0            ; |Lab03_21522233|MUX16bit:inst22|mx:inst11 ; work         ;
;       |mx:inst12|          ; 4 (4)             ; 0 (0)        ; 0           ; 0            ; 0       ; 0         ; 0    ; 0            ; |Lab03_21522233|MUX16bit:inst22|mx:inst12 ; work         ;
;       |mx:inst13|          ; 6 (6)             ; 0 (0)        ; 0           ; 0            ; 0       ; 0         ; 0    ; 0            ; |Lab03_21522233|MUX16bit:inst22|mx:inst13 ; work         ;
;       |mx:inst14|          ; 5 (5)             ; 0 (0)        ; 0           ; 0            ; 0       ; 0         ; 0    ; 0            ; |Lab03_21522233|MUX16bit:inst22|mx:inst14 ; work         ;
;       |mx:inst15|          ; 4 (4)             ; 0 (0)        ; 0           ; 0            ; 0       ; 0         ; 0    ; 0            ; |Lab03_21522233|MUX16bit:inst22|mx:inst15 ; work         ;
;       |mx:inst1|           ; 5 (5)             ; 0 (0)        ; 0           ; 0            ; 0       ; 0         ; 0    ; 0            ; |Lab03_21522233|MUX16bit:inst22|mx:inst1  ; work         ;
;       |mx:inst2|           ; 4 (4)             ; 0 (0)        ; 0           ; 0            ; 0       ; 0         ; 0    ; 0            ; |Lab03_21522233|MUX16bit:inst22|mx:inst2  ; work         ;
;       |mx:inst3|           ; 5 (5)             ; 0 (0)        ; 0           ; 0            ; 0       ; 0         ; 0    ; 0            ; |Lab03_21522233|MUX16bit:inst22|mx:inst3  ; work         ;
;       |mx:inst4|           ; 4 (4)             ; 0 (0)        ; 0           ; 0            ; 0       ; 0         ; 0    ; 0            ; |Lab03_21522233|MUX16bit:inst22|mx:inst4  ; work         ;
;       |mx:inst5|           ; 4 (4)             ; 0 (0)        ; 0           ; 0            ; 0       ; 0         ; 0    ; 0            ; |Lab03_21522233|MUX16bit:inst22|mx:inst5  ; work         ;
;       |mx:inst6|           ; 5 (5)             ; 0 (0)        ; 0           ; 0            ; 0       ; 0         ; 0    ; 0            ; |Lab03_21522233|MUX16bit:inst22|mx:inst6  ; work         ;
;       |mx:inst7|           ; 6 (6)             ; 0 (0)        ; 0           ; 0            ; 0       ; 0         ; 0    ; 0            ; |Lab03_21522233|MUX16bit:inst22|mx:inst7  ; work         ;
;       |mx:inst8|           ; 4 (4)             ; 0 (0)        ; 0           ; 0            ; 0       ; 0         ; 0    ; 0            ; |Lab03_21522233|MUX16bit:inst22|mx:inst8  ; work         ;
;       |mx:inst9|           ; 4 (4)             ; 0 (0)        ; 0           ; 0            ; 0       ; 0         ; 0    ; 0            ; |Lab03_21522233|MUX16bit:inst22|mx:inst9  ; work         ;
;       |mx:inst|            ; 3 (3)             ; 0 (0)        ; 0           ; 0            ; 0       ; 0         ; 0    ; 0            ; |Lab03_21522233|MUX16bit:inst22|mx:inst   ; work         ;
;    |mx:inst42|             ; 2 (2)             ; 0 (0)        ; 0           ; 0            ; 0       ; 0         ; 0    ; 0            ; |Lab03_21522233|mx:inst42                 ; work         ;
+----------------------------+-------------------+--------------+-------------+--------------+---------+-----------+------+--------------+-------------------------------------------+--------------+
Note: For table entries with two numbers listed, the numbers in parentheses indicate the number of resources of the given type used by the specific entity alone. The numbers listed outside of parentheses indicate the total resources of the given type used by the specific entity and all of its sub-entities in the hierarchy.


+------------------------------------------------------+
; General Register Statistics                          ;
+----------------------------------------------+-------+
; Statistic                                    ; Value ;
+----------------------------------------------+-------+
; Total registers                              ; 0     ;
; Number of registers using Synchronous Clear  ; 0     ;
; Number of registers using Synchronous Load   ; 0     ;
; Number of registers using Asynchronous Clear ; 0     ;
; Number of registers using Asynchronous Load  ; 0     ;
; Number of registers using Clock Enable       ; 0     ;
; Number of registers using Preset             ; 0     ;
+----------------------------------------------+-------+


+---------------------------------------------------------------------------------------------------------------------------------------------------------------+
; Multiplexer Restructuring Statistics (Restructuring Performed)                                                                                                ;
+--------------------+-----------+---------------+----------------------+------------------------+------------+-------------------------------------------------+
; Multiplexer Inputs ; Bus Width ; Baseline Area ; Area if Restructured ; Saving if Restructured ; Registered ; Example Multiplexer Output                      ;
+--------------------+-----------+---------------+----------------------+------------------------+------------+-------------------------------------------------+
; 8:1                ; 15 bits   ; 75 LEs        ; 75 LEs               ; 0 LEs                  ; No         ; |Lab03_21522233|MUX16bit:inst22|mx:inst15|inst4 ;
+--------------------+-----------+---------------+----------------------+------------------------+------------+-------------------------------------------------+


+-------------------------------+
; Elapsed Time Per Partition    ;
+----------------+--------------+
; Partition Name ; Elapsed Time ;
+----------------+--------------+
; Top            ; 00:00:00     ;
+----------------+--------------+


+-------------------------------+
; Analysis & Synthesis Messages ;
+-------------------------------+
Info: *******************************************************************
Info: Running Quartus II 64-Bit Analysis & Synthesis
    Info: Version 13.0.1 Build 232 06/12/2013 Service Pack 1 SJ Web Edition
    Info: Processing started: Fri Apr 21 10:57:20 2023
Info: Command: quartus_map --read_settings_files=on --write_settings_files=off Lab03_21522233 -c Lab03_21522233
Warning (20028): Parallel compilation is not licensed and has been disabled
Warning (12019): Can't analyze file -- file AND.bdf is missing
Warning (12019): Can't analyze file -- file OR.bdf is missing
Warning (12019): Can't analyze file -- file NAND.bdf is missing
Warning (12019): Can't analyze file -- file XOR.bdf is missing
Info (12021): Found 1 design units, including 1 entities, in source file mx.bdf
    Info (12023): Found entity 1: mx
Info (12021): Found 1 design units, including 1 entities, in source file lab03_21522233.bdf
    Info (12023): Found entity 1: Lab03_21522233
Info (12021): Found 1 design units, including 1 entities, in source file lpm_constant0.v
    Info (12023): Found entity 1: lpm_constant0
Info (12021): Found 1 design units, including 1 entities, in source file lpm_constant1.v
    Info (12023): Found entity 1: lpm_constant1
Info (12127): Elaborating entity "Lab03_21522233" for the top level hierarchy
Info (12128): Elaborating entity "mx" for hierarchy "mx:inst42"
Warning (12125): Using design file acong.bdf, which is not specified as a design file for the current project, but contains definitions for 1 design units and 1 entities in project
    Info (12023): Found entity 1: Acong
Info (12128): Elaborating entity "Acong" for hierarchy "Acong:inst"
Warning (12125): Using design file a.bdf, which is not specified as a design file for the current project, but contains definitions for 1 design units and 1 entities in project
    Info (12023): Found entity 1: A
Info (12128): Elaborating entity "A" for hierarchy "Acong:inst|A:inst17"
Warning (12125): Using design file acongb.bdf, which is not specified as a design file for the current project, but contains definitions for 1 design units and 1 entities in project
    Info (12023): Found entity 1: AcongB
Info (12128): Elaborating entity "AcongB" for hierarchy "AcongB:inst6"
Warning (12125): Using design file atru.bdf, which is not specified as a design file for the current project, but contains definitions for 1 design units and 1 entities in project
    Info (12023): Found entity 1: Atru
Info (12128): Elaborating entity "Atru" for hierarchy "Atru:inst9"
Warning (12125): Using design file atrub.bdf, which is not specified as a design file for the current project, but contains definitions for 1 design units and 1 entities in project
    Info (12023): Found entity 1: AtruB
Info (12128): Elaborating entity "AtruB" for hierarchy "AtruB:inst7"
Warning (12125): Using design file mux16bit.bdf, which is not specified as a design file for the current project, but contains definitions for 1 design units and 1 entities in project
    Info (12023): Found entity 1: MUX16bit
Info (12128): Elaborating entity "MUX16bit" for hierarchy "MUX16bit:inst22"
Warning (12125): Using design file xorr.bdf, which is not specified as a design file for the current project, but contains definitions for 1 design units and 1 entities in project
    Info (12023): Found entity 1: XORR
Info (12128): Elaborating entity "XORR" for hierarchy "XORR:inst39"
Warning (12125): Using design file orr.bdf, which is not specified as a design file for the current project, but contains definitions for 1 design units and 1 entities in project
    Info (12023): Found entity 1: ORR
Info (12128): Elaborating entity "ORR" for hierarchy "ORR:inst38"
Warning (12125): Using design file nandd.bdf, which is not specified as a design file for the current project, but contains definitions for 1 design units and 1 entities in project
    Info (12023): Found entity 1: NANDD
Info (12128): Elaborating entity "NANDD" for hierarchy "NANDD:inst37"
Warning (12125): Using design file andd.bdf, which is not specified as a design file for the current project, but contains definitions for 1 design units and 1 entities in project
    Info (12023): Found entity 1: ANDD
Info (12128): Elaborating entity "ANDD" for hierarchy "ANDD:inst36"
Info (16010): Generating hard_block partition "hard_block:auto_generated_inst"
    Info (16011): Adding 0 node(s), including 0 DDIO, 0 PLL, 0 transceiver and 0 LCELL
Info (21057): Implemented 204 device resources after synthesis - the final resource count might be different
    Info (21058): Implemented 35 input pins
    Info (21059): Implemented 17 output pins
    Info (21061): Implemented 152 logic cells
Info: Quartus II 64-Bit Analysis & Synthesis was successful. 0 errors, 15 warnings
    Info: Peak virtual memory: 4598 megabytes
    Info: Processing ended: Fri Apr 21 10:57:21 2023
    Info: Elapsed time: 00:00:01
    Info: Total CPU time (on all processors): 00:00:01


