Analysis & Synthesis report for MULTIPLY
Sat May 06 14:26:58 2023
Quartus II 64-Bit Version 13.0.1 Build 232 06/12/2013 Service Pack 1 SJ Web Edition


---------------------
; Table of Contents ;
---------------------
  1. Legal Notice
  2. Analysis & Synthesis Summary
  3. Analysis & Synthesis Settings
  4. Parallel Compilation
  5. Analysis & Synthesis Source Files Read
  6. Analysis & Synthesis Resource Usage Summary
  7. Analysis & Synthesis Resource Utilization by Entity
  8. Registers Removed During Synthesis
  9. General Register Statistics
 10. Multiplexer Restructuring Statistics (Restructuring Performed)
 11. Parameter Settings for User Entity Instance: Datapath:inst|CMP:inst11|BUSMUX:inst36
 12. Parameter Settings for User Entity Instance: Datapath:inst|Register_File:inst5|BUSMUX:inst4
 13. Parameter Settings for User Entity Instance: Datapath:inst|Register_File:inst5|BUSMUX:inst2
 14. Parameter Settings for User Entity Instance: Datapath:inst|Register_File:inst5|REGISTER:inst1|BUSMUX:inst13
 15. Parameter Settings for User Entity Instance: Datapath:inst|Register_File:inst5|REGISTER:inst1|BUSMUX:inst12
 16. Parameter Settings for User Entity Instance: Datapath:inst|Register_File:inst5|REGISTER:inst1|BUSMUX:inst14
 17. Parameter Settings for User Entity Instance: Datapath:inst|Register_File:inst5|REGISTER:inst1|BUSMUX:inst15
 18. Parameter Settings for User Entity Instance: Datapath:inst|Register_File:inst5|BUSMUX:inst
 19. Parameter Settings for User Entity Instance: Datapath:inst|Register_File:inst5|BUSMUX:inst7
 20. Parameter Settings for User Entity Instance: Datapath:inst|Register_File:inst5|BUSMUX:inst6
 21. Parameter Settings for User Entity Instance: Datapath:inst|Register_File:inst5|BUSMUX:inst5
 22. Parameter Settings for User Entity Instance: Datapath:inst|BUSMUX:inst
 23. Parameter Settings for User Entity Instance: Datapath:inst|BUSMUX:inst22
 24. Parameter Settings for User Entity Instance: Datapath:inst|BUSMUX:inst21
 25. Parameter Settings for User Entity Instance: Datapath:inst|BUSMUX:inst18
 26. Parameter Settings for User Entity Instance: Datapath:inst|BUSMUX:inst23
 27. Parameter Settings for User Entity Instance: Datapath:inst|BUSMUX:inst24
 28. Elapsed Time Per Partition
 29. Analysis & Synthesis Messages



----------------
; Legal Notice ;
----------------
Copyright (C) 1991-2013 Altera Corporation
Your use of Altera Corporation's design tools, logic functions 
and other software and tools, and its AMPP partner logic 
functions, and any output files from any of the foregoing 
(including device programming or simulation files), and any 
associated documentation or information are expressly subject 
to the terms and conditions of the Altera Program License 
Subscription Agreement, Altera MegaCore Function License 
Agreement, or other applicable license agreement, including, 
without limitation, that your use is for the sole purpose of 
programming logic devices manufactured by Altera and sold by 
Altera or its authorized distributors.  Please refer to the 
applicable agreement for further details.



+--------------------------------------------------------------------------------------+
; Analysis & Synthesis Summary                                                         ;
+------------------------------------+-------------------------------------------------+
; Analysis & Synthesis Status        ; Successful - Sat May 06 14:26:58 2023           ;
; Quartus II 64-Bit Version          ; 13.0.1 Build 232 06/12/2013 SP 1 SJ Web Edition ;
; Revision Name                      ; MULTIPLY                                        ;
; Top-level Entity Name              ; MULTIPLY                                        ;
; Family                             ; Cyclone II                                      ;
; Total logic elements               ; 153                                             ;
;     Total combinational functions  ; 138                                             ;
;     Dedicated logic registers      ; 41                                              ;
; Total registers                    ; 41                                              ;
; Total pins                         ; 32                                              ;
; Total virtual pins                 ; 0                                               ;
; Total memory bits                  ; 0                                               ;
; Embedded Multiplier 9-bit elements ; 0                                               ;
; Total PLLs                         ; 0                                               ;
+------------------------------------+-------------------------------------------------+


+----------------------------------------------------------------------------------------------------------------------+
; Analysis & Synthesis Settings                                                                                        ;
+----------------------------------------------------------------------------+--------------------+--------------------+
; Option                                                                     ; Setting            ; Default Value      ;
+----------------------------------------------------------------------------+--------------------+--------------------+
; Device                                                                     ; EP2C35F672C6       ;                    ;
; Top-level entity name                                                      ; MULTIPLY           ; MULTIPLY           ;
; Family name                                                                ; Cyclone II         ; Cyclone IV GX      ;
; Use smart compilation                                                      ; Off                ; Off                ;
; Enable parallel Assembler and TimeQuest Timing Analyzer during compilation ; On                 ; On                 ;
; Enable compact report table                                                ; Off                ; Off                ;
; Restructure Multiplexers                                                   ; Auto               ; Auto               ;
; Create Debugging Nodes for IP Cores                                        ; Off                ; Off                ;
; Preserve fewer node names                                                  ; On                 ; On                 ;
; Disable OpenCore Plus hardware evaluation                                  ; Off                ; Off                ;
; Verilog Version                                                            ; Verilog_2001       ; Verilog_2001       ;
; VHDL Version                                                               ; VHDL_1993          ; VHDL_1993          ;
; State Machine Processing                                                   ; Auto               ; Auto               ;
; Safe State Machine                                                         ; Off                ; Off                ;
; Extract Verilog State Machines                                             ; On                 ; On                 ;
; Extract VHDL State Machines                                                ; On                 ; On                 ;
; Ignore Verilog initial constructs                                          ; Off                ; Off                ;
; Iteration limit for constant Verilog loops                                 ; 5000               ; 5000               ;
; Iteration limit for non-constant Verilog loops                             ; 250                ; 250                ;
; Add Pass-Through Logic to Inferred RAMs                                    ; On                 ; On                 ;
; Infer RAMs from Raw Logic                                                  ; On                 ; On                 ;
; Parallel Synthesis                                                         ; On                 ; On                 ;
; DSP Block Balancing                                                        ; Auto               ; Auto               ;
; NOT Gate Push-Back                                                         ; On                 ; On                 ;
; Power-Up Don't Care                                                        ; On                 ; On                 ;
; Remove Redundant Logic Cells                                               ; Off                ; Off                ;
; Remove Duplicate Registers                                                 ; On                 ; On                 ;
; Ignore CARRY Buffers                                                       ; Off                ; Off                ;
; Ignore CASCADE Buffers                                                     ; Off                ; Off                ;
; Ignore GLOBAL Buffers                                                      ; Off                ; Off                ;
; Ignore ROW GLOBAL Buffers                                                  ; Off                ; Off                ;
; Ignore LCELL Buffers                                                       ; Off                ; Off                ;
; Ignore SOFT Buffers                                                        ; On                 ; On                 ;
; Limit AHDL Integers to 32 Bits                                             ; Off                ; Off                ;
; Optimization Technique                                                     ; Balanced           ; Balanced           ;
; Carry Chain Length                                                         ; 70                 ; 70                 ;
; Auto Carry Chains                                                          ; On                 ; On                 ;
; Auto Open-Drain Pins                                                       ; On                 ; On                 ;
; Perform WYSIWYG Primitive Resynthesis                                      ; Off                ; Off                ;
; Auto ROM Replacement                                                       ; On                 ; On                 ;
; Auto RAM Replacement                                                       ; On                 ; On                 ;
; Auto Shift Register Replacement                                            ; Auto               ; Auto               ;
; Allow Shift Register Merging across Hierarchies                            ; Auto               ; Auto               ;
; Auto Clock Enable Replacement                                              ; On                 ; On                 ;
; Strict RAM Replacement                                                     ; Off                ; Off                ;
; Allow Synchronous Control Signals                                          ; On                 ; On                 ;
; Force Use of Synchronous Clear Signals                                     ; Off                ; Off                ;
; Auto RAM to Logic Cell Conversion                                          ; Off                ; Off                ;
; Auto Resource Sharing                                                      ; Off                ; Off                ;
; Allow Any RAM Size For Recognition                                         ; Off                ; Off                ;
; Allow Any ROM Size For Recognition                                         ; Off                ; Off                ;
; Allow Any Shift Register Size For Recognition                              ; Off                ; Off                ;
; Use LogicLock Constraints during Resource Balancing                        ; On                 ; On                 ;
; Ignore translate_off and synthesis_off directives                          ; Off                ; Off                ;
; Timing-Driven Synthesis                                                    ; Off                ; Off                ;
; Report Parameter Settings                                                  ; On                 ; On                 ;
; Report Source Assignments                                                  ; On                 ; On                 ;
; Report Connectivity Checks                                                 ; On                 ; On                 ;
; Ignore Maximum Fan-Out Assignments                                         ; Off                ; Off                ;
; Synchronization Register Chain Length                                      ; 2                  ; 2                  ;
; PowerPlay Power Optimization                                               ; Normal compilation ; Normal compilation ;
; HDL message level                                                          ; Level2             ; Level2             ;
; Suppress Register Optimization Related Messages                            ; Off                ; Off                ;
; Number of Removed Registers Reported in Synthesis Report                   ; 5000               ; 5000               ;
; Number of Swept Nodes Reported in Synthesis Report                         ; 5000               ; 5000               ;
; Number of Inverted Registers Reported in Synthesis Report                  ; 100                ; 100                ;
; Clock MUX Protection                                                       ; On                 ; On                 ;
; Auto Gated Clock Conversion                                                ; Off                ; Off                ;
; Block Design Naming                                                        ; Auto               ; Auto               ;
; SDC constraint protection                                                  ; Off                ; Off                ;
; Synthesis Effort                                                           ; Auto               ; Auto               ;
; Shift Register Replacement - Allow Asynchronous Clear Signal               ; On                 ; On                 ;
; Pre-Mapping Resynthesis Optimization                                       ; Off                ; Off                ;
; Analysis & Synthesis Message Level                                         ; Medium             ; Medium             ;
; Disable Register Merging Across Hierarchies                                ; Auto               ; Auto               ;
; Resource Aware Inference For Block RAM                                     ; On                 ; On                 ;
; Synthesis Seed                                                             ; 1                  ; 1                  ;
+----------------------------------------------------------------------------+--------------------+--------------------+


Parallel compilation was disabled, but you have multiple processors available. Enable parallel compilation to reduce compilation time.
+-------------------------------------+
; Parallel Compilation                ;
+----------------------------+--------+
; Processors                 ; Number ;
+----------------------------+--------+
; Number detected on machine ; 8      ;
; Maximum allowed            ; 1      ;
+----------------------------+--------+


+----------------------------------------------------------------------------------------------------------------------------------------------------------------------------+
; Analysis & Synthesis Source Files Read                                                                                                                                     ;
+----------------------------------+-----------------+------------------------------------------+------------------------------------------------------------------+---------+
; File Name with User-Entered Path ; Used in Netlist ; File Type                                ; File Name with Absolute Path                                     ; Library ;
+----------------------------------+-----------------+------------------------------------------+------------------------------------------------------------------+---------+
; MULTIPLY.bdf                     ; yes             ; User Block Diagram/Schematic File        ; D:/TKLLS/MULTIPLY/MULTIPLY.bdf                                   ;         ;
; CMP.bdf                          ; yes             ; User Block Diagram/Schematic File        ; D:/TKLLS/MULTIPLY/CMP.bdf                                        ;         ;
; Cong1_4bit.bdf                   ; yes             ; User Block Diagram/Schematic File        ; D:/TKLLS/MULTIPLY/Cong1_4bit.bdf                                 ;         ;
; Datapath.bdf                     ; yes             ; User Block Diagram/Schematic File        ; D:/TKLLS/MULTIPLY/Datapath.bdf                                   ;         ;
; Control.bdf                      ; yes             ; User Block Diagram/Schematic File        ; D:/TKLLS/MULTIPLY/Control.bdf                                    ;         ;
; CMPADD.bdf                       ; yes             ; User Block Diagram/Schematic File        ; D:/TKLLS/MULTIPLY/CMPADD.bdf                                     ;         ;
; CMPZERO.bdf                      ; yes             ; User Block Diagram/Schematic File        ; D:/TKLLS/MULTIPLY/CMPZERO.bdf                                    ;         ;
; mx.bdf                           ; yes             ; Auto-Found Block Diagram/Schematic File  ; D:/TKLLS/MULTIPLY/mx.bdf                                         ;         ;
; a.bdf                            ; yes             ; Auto-Found Block Diagram/Schematic File  ; D:/TKLLS/MULTIPLY/a.bdf                                          ;         ;
; b.bdf                            ; yes             ; Auto-Found Block Diagram/Schematic File  ; D:/TKLLS/MULTIPLY/b.bdf                                          ;         ;
; busmux.tdf                       ; yes             ; Megafunction                             ; c:/altera/13.0sp1/quartus/libraries/megafunctions/busmux.tdf     ;         ;
; lpm_mux.inc                      ; yes             ; Megafunction                             ; c:/altera/13.0sp1/quartus/libraries/megafunctions/lpm_mux.inc    ;         ;
; lpm_mux.tdf                      ; yes             ; Megafunction                             ; c:/altera/13.0sp1/quartus/libraries/megafunctions/lpm_mux.tdf    ;         ;
; aglobal130.inc                   ; yes             ; Megafunction                             ; c:/altera/13.0sp1/quartus/libraries/megafunctions/aglobal130.inc ;         ;
; muxlut.inc                       ; yes             ; Megafunction                             ; c:/altera/13.0sp1/quartus/libraries/megafunctions/muxlut.inc     ;         ;
; bypassff.inc                     ; yes             ; Megafunction                             ; c:/altera/13.0sp1/quartus/libraries/megafunctions/bypassff.inc   ;         ;
; altshift.inc                     ; yes             ; Megafunction                             ; c:/altera/13.0sp1/quartus/libraries/megafunctions/altshift.inc   ;         ;
; db/mux_nmc.tdf                   ; yes             ; Auto-Generated Megafunction              ; D:/TKLLS/MULTIPLY/db/mux_nmc.tdf                                 ;         ;
; register_file.bdf                ; yes             ; Auto-Found Block Diagram/Schematic File  ; D:/TKLLS/MULTIPLY/register_file.bdf                              ;         ;
; db/mux_smc.tdf                   ; yes             ; Auto-Generated Megafunction              ; D:/TKLLS/MULTIPLY/db/mux_smc.tdf                                 ;         ;
; register.bdf                     ; yes             ; Auto-Found Block Diagram/Schematic File  ; D:/TKLLS/MULTIPLY/register.bdf                                   ;         ;
; 2_4we.bdf                        ; yes             ; Auto-Found Block Diagram/Schematic File  ; D:/TKLLS/MULTIPLY/2_4we.bdf                                      ;         ;
; alu.bdf                          ; yes             ; Auto-Found Block Diagram/Schematic File  ; D:/TKLLS/MULTIPLY/alu.bdf                                        ;         ;
; mux16bit.bdf                     ; yes             ; Auto-Found Block Diagram/Schematic File  ; D:/TKLLS/MULTIPLY/mux16bit.bdf                                   ;         ;
; ab.bdf                           ; yes             ; Auto-Found Block Diagram/Schematic File  ; D:/TKLLS/MULTIPLY/ab.bdf                                         ;         ;
; ba.bdf                           ; yes             ; Auto-Found Block Diagram/Schematic File  ; D:/TKLLS/MULTIPLY/ba.bdf                                         ;         ;
; 1.bdf                            ; yes             ; Auto-Found Block Diagram/Schematic File  ; D:/TKLLS/MULTIPLY/1.bdf                                          ;         ;
; d.bdf                            ; yes             ; Auto-Found Block Diagram/Schematic File  ; D:/TKLLS/MULTIPLY/d.bdf                                          ;         ;
; shiftl.bdf                       ; yes             ; Auto-Found Block Diagram/Schematic File  ; D:/TKLLS/MULTIPLY/shiftl.bdf                                     ;         ;
; shiftr.bdf                       ; yes             ; Auto-Found Block Diagram/Schematic File  ; D:/TKLLS/MULTIPLY/shiftr.bdf                                     ;         ;
+----------------------------------+-----------------+------------------------------------------+------------------------------------------------------------------+---------+


+---------------------------------------------------------------------+
; Analysis & Synthesis Resource Usage Summary                         ;
+---------------------------------------------+-----------------------+
; Resource                                    ; Usage                 ;
+---------------------------------------------+-----------------------+
; Estimated Total logic elements              ; 153                   ;
;                                             ;                       ;
; Total combinational functions               ; 138                   ;
; Logic element usage by number of LUT inputs ;                       ;
;     -- 4 input functions                    ; 87                    ;
;     -- 3 input functions                    ; 44                    ;
;     -- <=2 input functions                  ; 7                     ;
;                                             ;                       ;
; Logic elements by mode                      ;                       ;
;     -- normal mode                          ; 124                   ;
;     -- arithmetic mode                      ; 14                    ;
;                                             ;                       ;
; Total registers                             ; 41                    ;
;     -- Dedicated logic registers            ; 41                    ;
;     -- I/O registers                        ; 0                     ;
;                                             ;                       ;
; I/O pins                                    ; 32                    ;
; Embedded Multiplier 9-bit elements          ; 0                     ;
; Maximum fan-out node                        ; Control:inst17|inst27 ;
; Maximum fan-out                             ; 62                    ;
; Total fan-out                               ; 655                   ;
; Average fan-out                             ; 3.10                  ;
+---------------------------------------------+-----------------------+


+----------------------------------------------------------------------------------------------------------------------------------------------------------------------------------------------------------------------------------------------------------------------------------------+
; Analysis & Synthesis Resource Utilization by Entity                                                                                                                                                                                                                                    ;
+--------------------------------------------+-------------------+--------------+-------------+--------------+---------+-----------+------+--------------+----------------------------------------------------------------------------------------------------------------+--------------+
; Compilation Hierarchy Node                 ; LC Combinationals ; LC Registers ; Memory Bits ; DSP Elements ; DSP 9x9 ; DSP 18x18 ; Pins ; Virtual Pins ; Full Hierarchy Name                                                                                            ; Library Name ;
+--------------------------------------------+-------------------+--------------+-------------+--------------+---------+-----------+------+--------------+----------------------------------------------------------------------------------------------------------------+--------------+
; |MULTIPLY                                  ; 138 (0)           ; 41 (0)       ; 0           ; 0            ; 0       ; 0         ; 32   ; 0            ; |MULTIPLY                                                                                                      ; work         ;
;    |Control:inst17|                        ; 10 (4)            ; 3 (3)        ; 0           ; 0            ; 0       ; 0         ; 0    ; 0            ; |MULTIPLY|Control:inst17                                                                                       ; work         ;
;       |mx:inst1|                           ; 1 (1)             ; 0 (0)        ; 0           ; 0            ; 0       ; 0         ; 0    ; 0            ; |MULTIPLY|Control:inst17|mx:inst1                                                                              ; work         ;
;       |mx:inst48|                          ; 2 (2)             ; 0 (0)        ; 0           ; 0            ; 0       ; 0         ; 0    ; 0            ; |MULTIPLY|Control:inst17|mx:inst48                                                                             ; work         ;
;       |mx:inst49|                          ; 3 (3)             ; 0 (0)        ; 0           ; 0            ; 0       ; 0         ; 0    ; 0            ; |MULTIPLY|Control:inst17|mx:inst49                                                                             ; work         ;
;    |Datapath:inst|                         ; 128 (17)          ; 38 (8)       ; 0           ; 0            ; 0       ; 0         ; 0    ; 0            ; |MULTIPLY|Datapath:inst                                                                                        ; work         ;
;       |AB:inst7|                           ; 1 (0)             ; 0 (0)        ; 0           ; 0            ; 0       ; 0         ; 0    ; 0            ; |MULTIPLY|Datapath:inst|AB:inst7                                                                               ; work         ;
;          |A:inst1|                         ; 1 (1)             ; 0 (0)        ; 0           ; 0            ; 0       ; 0         ; 0    ; 0            ; |MULTIPLY|Datapath:inst|AB:inst7|A:inst1                                                                       ; work         ;
;       |ALU:inst10|                         ; 41 (0)            ; 0 (0)        ; 0           ; 0            ; 0       ; 0         ; 0    ; 0            ; |MULTIPLY|Datapath:inst|ALU:inst10                                                                             ; work         ;
;          |AB:inst6|                        ; 30 (0)            ; 0 (0)        ; 0           ; 0            ; 0       ; 0         ; 0    ; 0            ; |MULTIPLY|Datapath:inst|ALU:inst10|AB:inst6                                                                    ; work         ;
;             |A:inst2|                      ; 30 (30)           ; 0 (0)        ; 0           ; 0            ; 0       ; 0         ; 0    ; 0            ; |MULTIPLY|Datapath:inst|ALU:inst10|AB:inst6|A:inst2                                                            ; work         ;
;          |BA:inst8|                        ; 9 (0)             ; 0 (0)        ; 0           ; 0            ; 0       ; 0         ; 0    ; 0            ; |MULTIPLY|Datapath:inst|ALU:inst10|BA:inst8                                                                    ; work         ;
;             |A:inst2|                      ; 2 (2)             ; 0 (0)        ; 0           ; 0            ; 0       ; 0         ; 0    ; 0            ; |MULTIPLY|Datapath:inst|ALU:inst10|BA:inst8|A:inst2                                                            ; work         ;
;             |A:inst3|                      ; 1 (1)             ; 0 (0)        ; 0           ; 0            ; 0       ; 0         ; 0    ; 0            ; |MULTIPLY|Datapath:inst|ALU:inst10|BA:inst8|A:inst3                                                            ; work         ;
;             |A:inst4|                      ; 3 (3)             ; 0 (0)        ; 0           ; 0            ; 0       ; 0         ; 0    ; 0            ; |MULTIPLY|Datapath:inst|ALU:inst10|BA:inst8|A:inst4                                                            ; work         ;
;             |A:inst5|                      ; 1 (1)             ; 0 (0)        ; 0           ; 0            ; 0       ; 0         ; 0    ; 0            ; |MULTIPLY|Datapath:inst|ALU:inst10|BA:inst8|A:inst5                                                            ; work         ;
;             |A:inst6|                      ; 1 (1)             ; 0 (0)        ; 0           ; 0            ; 0       ; 0         ; 0    ; 0            ; |MULTIPLY|Datapath:inst|ALU:inst10|BA:inst8|A:inst6                                                            ; work         ;
;             |A:inst7|                      ; 1 (1)             ; 0 (0)        ; 0           ; 0            ; 0       ; 0         ; 0    ; 0            ; |MULTIPLY|Datapath:inst|ALU:inst10|BA:inst8|A:inst7                                                            ; work         ;
;          |D:inst7|                         ; 1 (1)             ; 0 (0)        ; 0           ; 0            ; 0       ; 0         ; 0    ; 0            ; |MULTIPLY|Datapath:inst|ALU:inst10|D:inst7                                                                     ; work         ;
;          |MUX16bit:inst3|                  ; 1 (0)             ; 0 (0)        ; 0           ; 0            ; 0       ; 0         ; 0    ; 0            ; |MULTIPLY|Datapath:inst|ALU:inst10|MUX16bit:inst3                                                              ; work         ;
;             |mx:inst|                      ; 1 (1)             ; 0 (0)        ; 0           ; 0            ; 0       ; 0         ; 0    ; 0            ; |MULTIPLY|Datapath:inst|ALU:inst10|MUX16bit:inst3|mx:inst                                                      ; work         ;
;       |CMP:inst11|                         ; 4 (0)             ; 3 (3)        ; 0           ; 0            ; 0       ; 0         ; 0    ; 0            ; |MULTIPLY|Datapath:inst|CMP:inst11                                                                             ; work         ;
;          |Cong1_4bit:inst16|               ; 4 (0)             ; 0 (0)        ; 0           ; 0            ; 0       ; 0         ; 0    ; 0            ; |MULTIPLY|Datapath:inst|CMP:inst11|Cong1_4bit:inst16                                                           ; work         ;
;             |A:inst1|                      ; 1 (1)             ; 0 (0)        ; 0           ; 0            ; 0       ; 0         ; 0    ; 0            ; |MULTIPLY|Datapath:inst|CMP:inst11|Cong1_4bit:inst16|A:inst1                                                   ; work         ;
;             |A:inst2|                      ; 2 (2)             ; 0 (0)        ; 0           ; 0            ; 0       ; 0         ; 0    ; 0            ; |MULTIPLY|Datapath:inst|CMP:inst11|Cong1_4bit:inst16|A:inst2                                                   ; work         ;
;             |B:inst8|                      ; 1 (1)             ; 0 (0)        ; 0           ; 0            ; 0       ; 0         ; 0    ; 0            ; |MULTIPLY|Datapath:inst|CMP:inst11|Cong1_4bit:inst16|B:inst8                                                   ; work         ;
;       |CMPADD:inst14|                      ; 5 (2)             ; 3 (3)        ; 0           ; 0            ; 0       ; 0         ; 0    ; 0            ; |MULTIPLY|Datapath:inst|CMPADD:inst14                                                                          ; work         ;
;          |Cong1_4bit:inst16|               ; 3 (0)             ; 0 (0)        ; 0           ; 0            ; 0       ; 0         ; 0    ; 0            ; |MULTIPLY|Datapath:inst|CMPADD:inst14|Cong1_4bit:inst16                                                        ; work         ;
;             |A:inst1|                      ; 1 (1)             ; 0 (0)        ; 0           ; 0            ; 0       ; 0         ; 0    ; 0            ; |MULTIPLY|Datapath:inst|CMPADD:inst14|Cong1_4bit:inst16|A:inst1                                                ; work         ;
;             |A:inst2|                      ; 1 (1)             ; 0 (0)        ; 0           ; 0            ; 0       ; 0         ; 0    ; 0            ; |MULTIPLY|Datapath:inst|CMPADD:inst14|Cong1_4bit:inst16|A:inst2                                                ; work         ;
;             |B:inst8|                      ; 1 (1)             ; 0 (0)        ; 0           ; 0            ; 0       ; 0         ; 0    ; 0            ; |MULTIPLY|Datapath:inst|CMPADD:inst14|Cong1_4bit:inst16|B:inst8                                                ; work         ;
;       |CMPZERO:inst12|                     ; 1 (1)             ; 0 (0)        ; 0           ; 0            ; 0       ; 0         ; 0    ; 0            ; |MULTIPLY|Datapath:inst|CMPZERO:inst12                                                                         ; work         ;
;       |Register_File:inst5|                ; 36 (0)            ; 24 (0)       ; 0           ; 0            ; 0       ; 0         ; 0    ; 0            ; |MULTIPLY|Datapath:inst|Register_File:inst5                                                                    ; work         ;
;          |2_4WE:inst3|                     ; 3 (3)             ; 0 (0)        ; 0           ; 0            ; 0       ; 0         ; 0    ; 0            ; |MULTIPLY|Datapath:inst|Register_File:inst5|2_4WE:inst3                                                        ; work         ;
;          |REGISTER:inst1|                  ; 1 (0)             ; 24 (24)      ; 0           ; 0            ; 0       ; 0         ; 0    ; 0            ; |MULTIPLY|Datapath:inst|Register_File:inst5|REGISTER:inst1                                                     ; work         ;
;             |busmux:inst12|                ; 1 (0)             ; 0 (0)        ; 0           ; 0            ; 0       ; 0         ; 0    ; 0            ; |MULTIPLY|Datapath:inst|Register_File:inst5|REGISTER:inst1|busmux:inst12                                       ; work         ;
;                |lpm_mux:$00000|            ; 1 (0)             ; 0 (0)        ; 0           ; 0            ; 0       ; 0         ; 0    ; 0            ; |MULTIPLY|Datapath:inst|Register_File:inst5|REGISTER:inst1|busmux:inst12|lpm_mux:$00000                        ; work         ;
;                   |mux_smc:auto_generated| ; 1 (1)             ; 0 (0)        ; 0           ; 0            ; 0       ; 0         ; 0    ; 0            ; |MULTIPLY|Datapath:inst|Register_File:inst5|REGISTER:inst1|busmux:inst12|lpm_mux:$00000|mux_smc:auto_generated ; work         ;
;          |busmux:inst4|                    ; 16 (0)            ; 0 (0)        ; 0           ; 0            ; 0       ; 0         ; 0    ; 0            ; |MULTIPLY|Datapath:inst|Register_File:inst5|busmux:inst4                                                       ; work         ;
;             |lpm_mux:$00000|               ; 16 (0)            ; 0 (0)        ; 0           ; 0            ; 0       ; 0         ; 0    ; 0            ; |MULTIPLY|Datapath:inst|Register_File:inst5|busmux:inst4|lpm_mux:$00000                                        ; work         ;
;                |mux_smc:auto_generated|    ; 16 (16)           ; 0 (0)        ; 0           ; 0            ; 0       ; 0         ; 0    ; 0            ; |MULTIPLY|Datapath:inst|Register_File:inst5|busmux:inst4|lpm_mux:$00000|mux_smc:auto_generated                 ; work         ;
;          |busmux:inst7|                    ; 16 (0)            ; 0 (0)        ; 0           ; 0            ; 0       ; 0         ; 0    ; 0            ; |MULTIPLY|Datapath:inst|Register_File:inst5|busmux:inst7                                                       ; work         ;
;             |lpm_mux:$00000|               ; 16 (0)            ; 0 (0)        ; 0           ; 0            ; 0       ; 0         ; 0    ; 0            ; |MULTIPLY|Datapath:inst|Register_File:inst5|busmux:inst7|lpm_mux:$00000                                        ; work         ;
;                |mux_smc:auto_generated|    ; 16 (16)           ; 0 (0)        ; 0           ; 0            ; 0       ; 0         ; 0    ; 0            ; |MULTIPLY|Datapath:inst|Register_File:inst5|busmux:inst7|lpm_mux:$00000|mux_smc:auto_generated                 ; work         ;
;       |busmux:inst22|                      ; 15 (0)            ; 0 (0)        ; 0           ; 0            ; 0       ; 0         ; 0    ; 0            ; |MULTIPLY|Datapath:inst|busmux:inst22                                                                          ; work         ;
;          |lpm_mux:$00000|                  ; 15 (0)            ; 0 (0)        ; 0           ; 0            ; 0       ; 0         ; 0    ; 0            ; |MULTIPLY|Datapath:inst|busmux:inst22|lpm_mux:$00000                                                           ; work         ;
;             |mux_smc:auto_generated|       ; 15 (15)           ; 0 (0)        ; 0           ; 0            ; 0       ; 0         ; 0    ; 0            ; |MULTIPLY|Datapath:inst|busmux:inst22|lpm_mux:$00000|mux_smc:auto_generated                                    ; work         ;
;       |busmux:inst|                        ; 8 (0)             ; 0 (0)        ; 0           ; 0            ; 0       ; 0         ; 0    ; 0            ; |MULTIPLY|Datapath:inst|busmux:inst                                                                            ; work         ;
;          |lpm_mux:$00000|                  ; 8 (0)             ; 0 (0)        ; 0           ; 0            ; 0       ; 0         ; 0    ; 0            ; |MULTIPLY|Datapath:inst|busmux:inst|lpm_mux:$00000                                                             ; work         ;
;             |mux_smc:auto_generated|       ; 8 (8)             ; 0 (0)        ; 0           ; 0            ; 0       ; 0         ; 0    ; 0            ; |MULTIPLY|Datapath:inst|busmux:inst|lpm_mux:$00000|mux_smc:auto_generated                                      ; work         ;
+--------------------------------------------+-------------------+--------------+-------------+--------------+---------+-----------+------+--------------+----------------------------------------------------------------------------------------------------------------+--------------+
Note: For table entries with two numbers listed, the numbers in parentheses indicate the number of resources of the given type used by the specific entity alone. The numbers listed outside of parentheses indicate the total resources of the given type used by the specific entity and all of its sub-entities in the hierarchy.


+-----------------------------------------------------------------------------------+
; Registers Removed During Synthesis                                                ;
+--------------------------------------------------------------+--------------------+
; Register name                                                ; Reason for Removal ;
+--------------------------------------------------------------+--------------------+
; Datapath:inst|Register_File:inst5|REGISTER:inst1|inst4[0..7] ; Lost fanout        ;
; Total Number of Removed Registers = 8                        ;                    ;
+--------------------------------------------------------------+--------------------+


+------------------------------------------------------+
; General Register Statistics                          ;
+----------------------------------------------+-------+
; Statistic                                    ; Value ;
+----------------------------------------------+-------+
; Total registers                              ; 41    ;
; Number of registers using Synchronous Clear  ; 0     ;
; Number of registers using Synchronous Load   ; 7     ;
; Number of registers using Asynchronous Clear ; 0     ;
; Number of registers using Asynchronous Load  ; 0     ;
; Number of registers using Clock Enable       ; 30    ;
; Number of registers using Preset             ; 0     ;
+----------------------------------------------+-------+


+-----------------------------------------------------------------------------------------------------------------------------------------------------------------------------------------------------------------------------+
; Multiplexer Restructuring Statistics (Restructuring Performed)                                                                                                                                                              ;
+--------------------+-----------+---------------+----------------------+------------------------+------------+---------------------------------------------------------------------------------------------------------------+
; Multiplexer Inputs ; Bus Width ; Baseline Area ; Area if Restructured ; Saving if Restructured ; Registered ; Example Multiplexer Output                                                                                    ;
+--------------------+-----------+---------------+----------------------+------------------------+------------+---------------------------------------------------------------------------------------------------------------+
; 3:1                ; 8 bits    ; 16 LEs        ; 16 LEs               ; 0 LEs                  ; Yes        ; |MULTIPLY|Datapath:inst|inst8[4]                                                                              ;
; 4:1                ; 8 bits    ; 16 LEs        ; 16 LEs               ; 0 LEs                  ; No         ; |MULTIPLY|Datapath:inst|Register_File:inst5|busmux:inst7|lpm_mux:$00000|mux_smc:auto_generated|result_node[2] ;
; 3:1                ; 4 bits    ; 8 LEs         ; 8 LEs                ; 0 LEs                  ; No         ; |MULTIPLY|Datapath:inst|busmux:inst22|lpm_mux:$00000|mux_smc:auto_generated|result_node[7]                    ;
; 4:1                ; 7 bits    ; 14 LEs        ; 14 LEs               ; 0 LEs                  ; No         ; |MULTIPLY|Datapath:inst|ALU:inst10|MUX16bit:inst3|mx:inst2|inst4                                              ;
; 4:1                ; 8 bits    ; 16 LEs        ; 16 LEs               ; 0 LEs                  ; No         ; |MULTIPLY|Datapath:inst|Register_File:inst5|busmux:inst4|lpm_mux:$00000|mux_smc:auto_generated|result_node[5] ;
+--------------------+-----------+---------------+----------------------+------------------------+------------+---------------------------------------------------------------------------------------------------------------+


+-------------------------------------------------------------------------------------+
; Parameter Settings for User Entity Instance: Datapath:inst|CMP:inst11|BUSMUX:inst36 ;
+----------------+-------+------------------------------------------------------------+
; Parameter Name ; Value ; Type                                                       ;
+----------------+-------+------------------------------------------------------------+
; WIDTH          ; 3     ; Untyped                                                    ;
+----------------+-------+------------------------------------------------------------+
Note: In order to hide this table in the UI and the text report file, please set the "Show Parameter Settings in Synthesis Report" option in "Analysis and Synthesis Settings -> More Settings" to "Off".


+---------------------------------------------------------------------------------------------+
; Parameter Settings for User Entity Instance: Datapath:inst|Register_File:inst5|BUSMUX:inst4 ;
+----------------+-------+--------------------------------------------------------------------+
; Parameter Name ; Value ; Type                                                               ;
+----------------+-------+--------------------------------------------------------------------+
; WIDTH          ; 8     ; Untyped                                                            ;
+----------------+-------+--------------------------------------------------------------------+
Note: In order to hide this table in the UI and the text report file, please set the "Show Parameter Settings in Synthesis Report" option in "Analysis and Synthesis Settings -> More Settings" to "Off".


+---------------------------------------------------------------------------------------------+
; Parameter Settings for User Entity Instance: Datapath:inst|Register_File:inst5|BUSMUX:inst2 ;
+----------------+-------+--------------------------------------------------------------------+
; Parameter Name ; Value ; Type                                                               ;
+----------------+-------+--------------------------------------------------------------------+
; WIDTH          ; 8     ; Untyped                                                            ;
+----------------+-------+--------------------------------------------------------------------+
Note: In order to hide this table in the UI and the text report file, please set the "Show Parameter Settings in Synthesis Report" option in "Analysis and Synthesis Settings -> More Settings" to "Off".


+-------------------------------------------------------------------------------------------------------------+
; Parameter Settings for User Entity Instance: Datapath:inst|Register_File:inst5|REGISTER:inst1|BUSMUX:inst13 ;
+----------------+-------+------------------------------------------------------------------------------------+
; Parameter Name ; Value ; Type                                                                               ;
+----------------+-------+------------------------------------------------------------------------------------+
; WIDTH          ; 8     ; Untyped                                                                            ;
+----------------+-------+------------------------------------------------------------------------------------+
Note: In order to hide this table in the UI and the text report file, please set the "Show Parameter Settings in Synthesis Report" option in "Analysis and Synthesis Settings -> More Settings" to "Off".


+-------------------------------------------------------------------------------------------------------------+
; Parameter Settings for User Entity Instance: Datapath:inst|Register_File:inst5|REGISTER:inst1|BUSMUX:inst12 ;
+----------------+-------+------------------------------------------------------------------------------------+
; Parameter Name ; Value ; Type                                                                               ;
+----------------+-------+------------------------------------------------------------------------------------+
; WIDTH          ; 8     ; Untyped                                                                            ;
+----------------+-------+------------------------------------------------------------------------------------+
Note: In order to hide this table in the UI and the text report file, please set the "Show Parameter Settings in Synthesis Report" option in "Analysis and Synthesis Settings -> More Settings" to "Off".


+-------------------------------------------------------------------------------------------------------------+
; Parameter Settings for User Entity Instance: Datapath:inst|Register_File:inst5|REGISTER:inst1|BUSMUX:inst14 ;
+----------------+-------+------------------------------------------------------------------------------------+
; Parameter Name ; Value ; Type                                                                               ;
+----------------+-------+------------------------------------------------------------------------------------+
; WIDTH          ; 8     ; Untyped                                                                            ;
+----------------+-------+------------------------------------------------------------------------------------+
Note: In order to hide this table in the UI and the text report file, please set the "Show Parameter Settings in Synthesis Report" option in "Analysis and Synthesis Settings -> More Settings" to "Off".


+-------------------------------------------------------------------------------------------------------------+
; Parameter Settings for User Entity Instance: Datapath:inst|Register_File:inst5|REGISTER:inst1|BUSMUX:inst15 ;
+----------------+-------+------------------------------------------------------------------------------------+
; Parameter Name ; Value ; Type                                                                               ;
+----------------+-------+------------------------------------------------------------------------------------+
; WIDTH          ; 8     ; Untyped                                                                            ;
+----------------+-------+------------------------------------------------------------------------------------+
Note: In order to hide this table in the UI and the text report file, please set the "Show Parameter Settings in Synthesis Report" option in "Analysis and Synthesis Settings -> More Settings" to "Off".


+--------------------------------------------------------------------------------------------+
; Parameter Settings for User Entity Instance: Datapath:inst|Register_File:inst5|BUSMUX:inst ;
+----------------+-------+-------------------------------------------------------------------+
; Parameter Name ; Value ; Type                                                              ;
+----------------+-------+-------------------------------------------------------------------+
; WIDTH          ; 8     ; Untyped                                                           ;
+----------------+-------+-------------------------------------------------------------------+
Note: In order to hide this table in the UI and the text report file, please set the "Show Parameter Settings in Synthesis Report" option in "Analysis and Synthesis Settings -> More Settings" to "Off".


+---------------------------------------------------------------------------------------------+
; Parameter Settings for User Entity Instance: Datapath:inst|Register_File:inst5|BUSMUX:inst7 ;
+----------------+-------+--------------------------------------------------------------------+
; Parameter Name ; Value ; Type                                                               ;
+----------------+-------+--------------------------------------------------------------------+
; WIDTH          ; 8     ; Untyped                                                            ;
+----------------+-------+--------------------------------------------------------------------+
Note: In order to hide this table in the UI and the text report file, please set the "Show Parameter Settings in Synthesis Report" option in "Analysis and Synthesis Settings -> More Settings" to "Off".


+---------------------------------------------------------------------------------------------+
; Parameter Settings for User Entity Instance: Datapath:inst|Register_File:inst5|BUSMUX:inst6 ;
+----------------+-------+--------------------------------------------------------------------+
; Parameter Name ; Value ; Type                                                               ;
+----------------+-------+--------------------------------------------------------------------+
; WIDTH          ; 8     ; Untyped                                                            ;
+----------------+-------+--------------------------------------------------------------------+
Note: In order to hide this table in the UI and the text report file, please set the "Show Parameter Settings in Synthesis Report" option in "Analysis and Synthesis Settings -> More Settings" to "Off".


+---------------------------------------------------------------------------------------------+
; Parameter Settings for User Entity Instance: Datapath:inst|Register_File:inst5|BUSMUX:inst5 ;
+----------------+-------+--------------------------------------------------------------------+
; Parameter Name ; Value ; Type                                                               ;
+----------------+-------+--------------------------------------------------------------------+
; WIDTH          ; 8     ; Untyped                                                            ;
+----------------+-------+--------------------------------------------------------------------+
Note: In order to hide this table in the UI and the text report file, please set the "Show Parameter Settings in Synthesis Report" option in "Analysis and Synthesis Settings -> More Settings" to "Off".


+------------------------------------------------------------------------+
; Parameter Settings for User Entity Instance: Datapath:inst|BUSMUX:inst ;
+----------------+-------+-----------------------------------------------+
; Parameter Name ; Value ; Type                                          ;
+----------------+-------+-----------------------------------------------+
; WIDTH          ; 8     ; Untyped                                       ;
+----------------+-------+-----------------------------------------------+
Note: In order to hide this table in the UI and the text report file, please set the "Show Parameter Settings in Synthesis Report" option in "Analysis and Synthesis Settings -> More Settings" to "Off".


+--------------------------------------------------------------------------+
; Parameter Settings for User Entity Instance: Datapath:inst|BUSMUX:inst22 ;
+----------------+-------+-------------------------------------------------+
; Parameter Name ; Value ; Type                                            ;
+----------------+-------+-------------------------------------------------+
; WIDTH          ; 8     ; Untyped                                         ;
+----------------+-------+-------------------------------------------------+
Note: In order to hide this table in the UI and the text report file, please set the "Show Parameter Settings in Synthesis Report" option in "Analysis and Synthesis Settings -> More Settings" to "Off".


+--------------------------------------------------------------------------+
; Parameter Settings for User Entity Instance: Datapath:inst|BUSMUX:inst21 ;
+----------------+-------+-------------------------------------------------+
; Parameter Name ; Value ; Type                                            ;
+----------------+-------+-------------------------------------------------+
; WIDTH          ; 8     ; Untyped                                         ;
+----------------+-------+-------------------------------------------------+
Note: In order to hide this table in the UI and the text report file, please set the "Show Parameter Settings in Synthesis Report" option in "Analysis and Synthesis Settings -> More Settings" to "Off".


+--------------------------------------------------------------------------+
; Parameter Settings for User Entity Instance: Datapath:inst|BUSMUX:inst18 ;
+----------------+-------+-------------------------------------------------+
; Parameter Name ; Value ; Type                                            ;
+----------------+-------+-------------------------------------------------+
; WIDTH          ; 8     ; Untyped                                         ;
+----------------+-------+-------------------------------------------------+
Note: In order to hide this table in the UI and the text report file, please set the "Show Parameter Settings in Synthesis Report" option in "Analysis and Synthesis Settings -> More Settings" to "Off".


+--------------------------------------------------------------------------+
; Parameter Settings for User Entity Instance: Datapath:inst|BUSMUX:inst23 ;
+----------------+-------+-------------------------------------------------+
; Parameter Name ; Value ; Type                                            ;
+----------------+-------+-------------------------------------------------+
; WIDTH          ; 8     ; Untyped                                         ;
+----------------+-------+-------------------------------------------------+
Note: In order to hide this table in the UI and the text report file, please set the "Show Parameter Settings in Synthesis Report" option in "Analysis and Synthesis Settings -> More Settings" to "Off".


+--------------------------------------------------------------------------+
; Parameter Settings for User Entity Instance: Datapath:inst|BUSMUX:inst24 ;
+----------------+-------+-------------------------------------------------+
; Parameter Name ; Value ; Type                                            ;
+----------------+-------+-------------------------------------------------+
; WIDTH          ; 8     ; Untyped                                         ;
+----------------+-------+-------------------------------------------------+
Note: In order to hide this table in the UI and the text report file, please set the "Show Parameter Settings in Synthesis Report" option in "Analysis and Synthesis Settings -> More Settings" to "Off".


+-------------------------------+
; Elapsed Time Per Partition    ;
+----------------+--------------+
; Partition Name ; Elapsed Time ;
+----------------+--------------+
; Top            ; 00:00:00     ;
+----------------+--------------+


+-------------------------------+
; Analysis & Synthesis Messages ;
+-------------------------------+
Info: *******************************************************************
Info: Running Quartus II 64-Bit Analysis & Synthesis
    Info: Version 13.0.1 Build 232 06/12/2013 Service Pack 1 SJ Web Edition
    Info: Processing started: Sat May 06 14:26:56 2023
Info: Command: quartus_map --read_settings_files=on --write_settings_files=off MULTIPLY -c MULTIPLY
Warning (20028): Parallel compilation is not licensed and has been disabled
Info (12021): Found 1 design units, including 1 entities, in source file 4bit.bdf
    Info (12023): Found entity 1: 4bit
Info (12021): Found 1 design units, including 1 entities, in source file multiply.bdf
    Info (12023): Found entity 1: MULTIPLY
Info (12021): Found 1 design units, including 1 entities, in source file cmp.bdf
    Info (12023): Found entity 1: CMP
Info (12021): Found 1 design units, including 1 entities, in source file cong1_4bit.bdf
    Info (12023): Found entity 1: Cong1_4bit
Info (12021): Found 1 design units, including 1 entities, in source file datapath.bdf
    Info (12023): Found entity 1: Datapath
Info (12021): Found 1 design units, including 1 entities, in source file control.bdf
    Info (12023): Found entity 1: Control
Info (12021): Found 1 design units, including 1 entities, in source file cmpadd.bdf
    Info (12023): Found entity 1: CMPADD
Info (12021): Found 1 design units, including 1 entities, in source file cmpzero.bdf
    Info (12023): Found entity 1: CMPZERO
Info (12127): Elaborating entity "MULTIPLY" for the top level hierarchy
Warning (275085): Found inconsistent dimensions for element "C"
Warning (275080): Converted elements in bus name "C" using legacy naming rules. Make any assignments on the new names, not on the original names.
    Warning (275081): Converted element name(s) from "C[2..0]" to "C2..0"
Info (12128): Elaborating entity "Control" for hierarchy "Control:inst17"
Warning (12125): Using design file mx.bdf, which is not specified as a design file for the current project, but contains definitions for 1 design units and 1 entities in project
    Info (12023): Found entity 1: mx
Info (12128): Elaborating entity "mx" for hierarchy "Control:inst17|mx:inst1"
Info (12128): Elaborating entity "Datapath" for hierarchy "Datapath:inst"
Warning (275083): Bus "B1[0]" found using same base name as "B", which might lead to a name conflict.
Warning (275080): Converted elements in bus name "B" using legacy naming rules. Make any assignments on the new names, not on the original names.
    Warning (275081): Converted element name(s) from "B[7..0]" to "B7..0"
Warning (275080): Converted elements in bus name "B1" using legacy naming rules. Make any assignments on the new names, not on the original names.
    Warning (275081): Converted element name(s) from "B1[0]" to "B10"
Warning (275085): Found inconsistent dimensions for element "C"
Warning (275080): Converted elements in bus name "C" using legacy naming rules. Make any assignments on the new names, not on the original names.
    Warning (275081): Converted element name(s) from "C[2..0]" to "C2..0"
Info (12128): Elaborating entity "CMP" for hierarchy "Datapath:inst|CMP:inst11"
Info (12128): Elaborating entity "Cong1_4bit" for hierarchy "Datapath:inst|CMP:inst11|Cong1_4bit:inst16"
Warning (12125): Using design file a.bdf, which is not specified as a design file for the current project, but contains definitions for 1 design units and 1 entities in project
    Info (12023): Found entity 1: A
Info (12128): Elaborating entity "A" for hierarchy "Datapath:inst|CMP:inst11|Cong1_4bit:inst16|A:inst1"
Warning (12125): Using design file b.bdf, which is not specified as a design file for the current project, but contains definitions for 1 design units and 1 entities in project
    Info (12023): Found entity 1: B
Info (12128): Elaborating entity "B" for hierarchy "Datapath:inst|CMP:inst11|Cong1_4bit:inst16|B:inst8"
Info (12128): Elaborating entity "BUSMUX" for hierarchy "Datapath:inst|CMP:inst11|BUSMUX:inst36"
Info (12130): Elaborated megafunction instantiation "Datapath:inst|CMP:inst11|BUSMUX:inst36"
Info (12133): Instantiated megafunction "Datapath:inst|CMP:inst11|BUSMUX:inst36" with the following parameter:
    Info (12134): Parameter "WIDTH" = "3"
Info (12128): Elaborating entity "lpm_mux" for hierarchy "Datapath:inst|CMP:inst11|BUSMUX:inst36|lpm_mux:$00000"
Info (12131): Elaborated megafunction instantiation "Datapath:inst|CMP:inst11|BUSMUX:inst36|lpm_mux:$00000", which is child of megafunction instantiation "Datapath:inst|CMP:inst11|BUSMUX:inst36"
Info (12021): Found 1 design units, including 1 entities, in source file db/mux_nmc.tdf
    Info (12023): Found entity 1: mux_nmc
Info (12128): Elaborating entity "mux_nmc" for hierarchy "Datapath:inst|CMP:inst11|BUSMUX:inst36|lpm_mux:$00000|mux_nmc:auto_generated"
Warning (12125): Using design file register_file.bdf, which is not specified as a design file for the current project, but contains definitions for 1 design units and 1 entities in project
    Info (12023): Found entity 1: Register_File
Info (12128): Elaborating entity "Register_File" for hierarchy "Datapath:inst|Register_File:inst5"
Warning (275083): Bus "B1[0]" found using same base name as "B", which might lead to a name conflict.
Warning (275080): Converted elements in bus name "B" using legacy naming rules. Make any assignments on the new names, not on the original names.
    Warning (275081): Converted element name(s) from "B[7..0]" to "B7..0"
Warning (275080): Converted elements in bus name "B1" using legacy naming rules. Make any assignments on the new names, not on the original names.
    Warning (275081): Converted element name(s) from "B1[0]" to "B10"
Info (12128): Elaborating entity "BUSMUX" for hierarchy "Datapath:inst|Register_File:inst5|BUSMUX:inst4"
Info (12130): Elaborated megafunction instantiation "Datapath:inst|Register_File:inst5|BUSMUX:inst4"
Info (12133): Instantiated megafunction "Datapath:inst|Register_File:inst5|BUSMUX:inst4" with the following parameter:
    Info (12134): Parameter "WIDTH" = "8"
Info (12128): Elaborating entity "lpm_mux" for hierarchy "Datapath:inst|Register_File:inst5|BUSMUX:inst4|lpm_mux:$00000"
Info (12131): Elaborated megafunction instantiation "Datapath:inst|Register_File:inst5|BUSMUX:inst4|lpm_mux:$00000", which is child of megafunction instantiation "Datapath:inst|Register_File:inst5|BUSMUX:inst4"
Info (12021): Found 1 design units, including 1 entities, in source file db/mux_smc.tdf
    Info (12023): Found entity 1: mux_smc
Info (12128): Elaborating entity "mux_smc" for hierarchy "Datapath:inst|Register_File:inst5|BUSMUX:inst4|lpm_mux:$00000|mux_smc:auto_generated"
Warning (12125): Using design file register.bdf, which is not specified as a design file for the current project, but contains definitions for 1 design units and 1 entities in project
    Info (12023): Found entity 1: REGISTER
Info (12128): Elaborating entity "REGISTER" for hierarchy "Datapath:inst|Register_File:inst5|REGISTER:inst1"
Warning (12125): Using design file 2_4we.bdf, which is not specified as a design file for the current project, but contains definitions for 1 design units and 1 entities in project
    Info (12023): Found entity 1: 2_4WE
Info (12128): Elaborating entity "2_4WE" for hierarchy "Datapath:inst|Register_File:inst5|2_4WE:inst3"
Warning (12125): Using design file alu.bdf, which is not specified as a design file for the current project, but contains definitions for 1 design units and 1 entities in project
    Info (12023): Found entity 1: ALU
Info (12128): Elaborating entity "ALU" for hierarchy "Datapath:inst|ALU:inst10"
Warning (12125): Using design file mux16bit.bdf, which is not specified as a design file for the current project, but contains definitions for 1 design units and 1 entities in project
    Info (12023): Found entity 1: MUX16bit
Info (12128): Elaborating entity "MUX16bit" for hierarchy "Datapath:inst|ALU:inst10|MUX16bit:inst3"
Warning (12125): Using design file ab.bdf, which is not specified as a design file for the current project, but contains definitions for 1 design units and 1 entities in project
    Info (12023): Found entity 1: AB
Info (12128): Elaborating entity "AB" for hierarchy "Datapath:inst|ALU:inst10|AB:inst6"
Warning (12125): Using design file ba.bdf, which is not specified as a design file for the current project, but contains definitions for 1 design units and 1 entities in project
    Info (12023): Found entity 1: BA
Info (12128): Elaborating entity "BA" for hierarchy "Datapath:inst|ALU:inst10|BA:inst8"
Warning (12125): Using design file 1.bdf, which is not specified as a design file for the current project, but contains definitions for 1 design units and 1 entities in project
    Info (12023): Found entity 1: 1
Info (12128): Elaborating entity "1" for hierarchy "Datapath:inst|ALU:inst10|1:inst"
Warning (12125): Using design file d.bdf, which is not specified as a design file for the current project, but contains definitions for 1 design units and 1 entities in project
    Info (12023): Found entity 1: D
Info (12128): Elaborating entity "D" for hierarchy "Datapath:inst|ALU:inst10|D:inst7"
Warning (12125): Using design file shiftl.bdf, which is not specified as a design file for the current project, but contains definitions for 1 design units and 1 entities in project
    Info (12023): Found entity 1: ShiftL
Info (12128): Elaborating entity "ShiftL" for hierarchy "Datapath:inst|ShiftL:inst20"
Warning (12125): Using design file shiftr.bdf, which is not specified as a design file for the current project, but contains definitions for 1 design units and 1 entities in project
    Info (12023): Found entity 1: ShiftR
Info (12128): Elaborating entity "shiftr" for hierarchy "Datapath:inst|shiftr:inst1"
Warning (275011): Block or symbol "GND" of instance "inst20" overlaps another block or symbol
Info (12128): Elaborating entity "CMPZERO" for hierarchy "Datapath:inst|CMPZERO:inst12"
Info (12128): Elaborating entity "CMPADD" for hierarchy "Datapath:inst|CMPADD:inst14"
Warning (13046): Tri-state node(s) do not directly drive top-level pin(s)
    Warning (13047): Converted the fan-out from the tri-state buffer "Datapath:inst|inst3[7]" to the node "Datapath:inst|inst8[7]" into an OR gate
    Warning (13047): Converted the fan-out from the tri-state buffer "Datapath:inst|inst3[6]" to the node "Datapath:inst|inst8[6]" into an OR gate
    Warning (13047): Converted the fan-out from the tri-state buffer "Datapath:inst|inst3[5]" to the node "Datapath:inst|inst8[5]" into an OR gate
    Warning (13047): Converted the fan-out from the tri-state buffer "Datapath:inst|inst3[4]" to the node "Datapath:inst|inst8[4]" into an OR gate
    Warning (13047): Converted the fan-out from the tri-state buffer "Datapath:inst|inst3[3]" to the node "Datapath:inst|inst8[3]" into an OR gate
    Warning (13047): Converted the fan-out from the tri-state buffer "Datapath:inst|inst3[2]" to the node "Datapath:inst|inst8[2]" into an OR gate
    Warning (13047): Converted the fan-out from the tri-state buffer "Datapath:inst|inst3[1]" to the node "Datapath:inst|inst8[1]" into an OR gate
    Warning (13047): Converted the fan-out from the tri-state buffer "Datapath:inst|inst3[0]" to the node "Datapath:inst|AB:inst7|A:inst1|inst10" into an OR gate
Info (17049): 8 registers lost all their fanouts during netlist optimizations.
Info (16010): Generating hard_block partition "hard_block:auto_generated_inst"
    Info (16011): Adding 0 node(s), including 0 DDIO, 0 PLL, 0 transceiver and 0 LCELL
Info (21057): Implemented 194 device resources after synthesis - the final resource count might be different
    Info (21058): Implemented 13 input pins
    Info (21059): Implemented 19 output pins
    Info (21061): Implemented 162 logic cells
Info: Quartus II 64-Bit Analysis & Synthesis was successful. 0 errors, 41 warnings
    Info: Peak virtual memory: 4601 megabytes
    Info: Processing ended: Sat May 06 14:26:58 2023
    Info: Elapsed time: 00:00:02
    Info: Total CPU time (on all processors): 00:00:01


