EDA Netlist Writer report for LAB4
Fri May 26 11:16:55 2023
Quartus II 64-Bit Version 13.0.1 Build 232 06/12/2013 Service Pack 1 SJ Web Edition


---------------------
; Table of Contents ;
---------------------
  1. Legal Notice
  2. EDA Netlist Writer Summary
  3. EDA Netlist Writer Messages



----------------
; Legal Notice ;
----------------
Copyright (C) 1991-2013 Altera Corporation
Your use of Altera Corporation's design tools, logic functions 
and other software and tools, and its AMPP partner logic 
functions, and any output files from any of the foregoing 
(including device programming or simulation files), and any 
associated documentation or information are expressly subject 
to the terms and conditions of the Altera Program License 
Subscription Agreement, Altera MegaCore Function License 
Agreement, or other applicable license agreement, including, 
without limitation, that your use is for the sole purpose of 
programming logic devices manufactured by Altera and sold by 
Altera or its authorized distributors.  Please refer to the 
applicable agreement for further details.



+---------------------------------------------------------------+
; EDA Netlist Writer Summary                                    ;
+---------------------------+-----------------------------------+
; EDA Netlist Writer Status ; Failed - Fri May 26 11:16:55 2023 ;
; Revision Name             ; LAB4                              ;
; Top-level Entity Name     ; LAB4                              ;
; Family                    ; Cyclone II                        ;
+---------------------------+-----------------------------------+


+-----------------------------+
; EDA Netlist Writer Messages ;
+-----------------------------+
Info: *******************************************************************
Info: Running Quartus II 64-Bit EDA Netlist Writer
    Info: Version 13.0.1 Build 232 06/12/2013 Service Pack 1 SJ Web Edition
    Info: Processing started: Fri May 26 11:16:54 2023
Info: Command: quartus_eda --gen_testbench --check_outputs=on --tool=modelsim_oem --format=verilog LAB4 -c LAB4 --vector_source=D:/TKLLS/LAB4/Waveform.vwf --testbench_file=./simulation/qsim/LAB4.vt
Error (201009): Bus port "Input" specified in vector source file has width of 4, which does not match width 16 of top level port of same name
Error (201009): Bus port "Input" specified in vector source file has width of 4, which does not match width 16 of top level port of same name
Error (201009): Bus port "Input" specified in vector source file has width of 4, which does not match width 16 of top level port of same name
Info (201000): Generated Verilog Test Bench File ./simulation/qsim/LAB4.vt for simulation
Error: Quartus II 64-Bit EDA Netlist Writer was unsuccessful. 3 errors, 0 warnings
    Error: Peak virtual memory: 4523 megabytes
    Error: Processing ended: Fri May 26 11:16:55 2023
    Error: Elapsed time: 00:00:01
    Error: Total CPU time (on all processors): 00:00:00


